<?xml version="1.0" encoding="UTF-8"?>
<!-- Generated by org.testng.reporters.JUnitXMLReporter -->
<testsuite ignored="0" hostname="DESKTOP-7JIC17V" failures="0" tests="33" name="Chrome" time="0.818" errors="0" timestamp="2022-10-03T12:58:53 IST">
  <testcase classname="TestNG.TestNG_AMAZON" name="@BeforeTest LaunchBrowser" time="-1.664782132364E9">
    <failure type="org.testng.TestNGException" message="
Parameter &amp;apos;BrowserName&amp;apos; is required by BeforeTest on method LaunchBrowser but has not been marked @Optional or defined
in C:\Users\Admin\eclipse-workspace\MAVEN-PROJECT\testng.xml">
      <![CDATA[org.testng.TestNGException: 
Parameter 'BrowserName' is required by BeforeTest on method LaunchBrowser but has not been marked @Optional or defined
in C:\Users\Admin\eclipse-workspace\MAVEN-PROJECT\testng.xml
... Removed 21 stack frames]]>
    </failure>
  </testcase> <!-- @BeforeTest LaunchBrowser -->
  <testcase classname="TestNG.TestNG_FACEBOOK_OG_IN" name="@BeforeTest LaunchBrowser" time="-1.66478213243E9">
    <skipped/>
  </testcase> <!-- @BeforeTest LaunchBrowser -->
  <testcase classname="TestNG.TestNG_FLIPKART" name="@BeforeTest LaunchBrowser" time="-1.664782132436E9">
    <skipped/>
  </testcase> <!-- @BeforeTest LaunchBrowser -->
  <testcase classname="TestNG.TestNG_IRCTC" name="@BeforeTest LaunchBrowser" time="-1.664782132439E9">
    <skipped/>
  </testcase> <!-- @BeforeTest LaunchBrowser -->
  <testcase classname="TestNG.TestNG_TESTAUTOMATION" name="@BeforeTest LaunchBrowser" time="-1.664782132442E9">
    <skipped/>
  </testcase> <!-- @BeforeTest LaunchBrowser -->
  <testcase classname="TestNG.TestNG_YOUTUBE" name="@BeforeTest LaunchBrowser" time="-1.664782132445E9">
    <skipped/>
  </testcase> <!-- @BeforeTest LaunchBrowser -->
  <testcase classname="TestNG.TestNG_FLIPKART" name="@BeforeClass CreatePOMObject" time="-1.664782132585E9">
    <skipped/>
  </testcase> <!-- @BeforeClass CreatePOMObject -->
  <testcase classname="TestNG.TestNG_FLIPKART" name="@BeforeMethod OpenWebSite" time="-1.664782132611E9">
    <skipped/>
  </testcase> <!-- @BeforeMethod OpenWebSite -->
  <testcase classname="TestNG.TestNG_FLIPKART" name="@AfterMethod e" time="-1.664782132624E9">
    <skipped/>
  </testcase> <!-- @AfterMethod e -->
  <testcase classname="TestNG.TestNG_FLIPKART" name="@BeforeMethod OpenWebSite" time="-1.664782132646E9">
    <skipped/>
  </testcase> <!-- @BeforeMethod OpenWebSite -->
  <testcase classname="TestNG.TestNG_FLIPKART" name="@AfterMethod e" time="-1.664782132654E9">
    <skipped/>
  </testcase> <!-- @AfterMethod e -->
  <testcase classname="TestNG.TestNG_FLIPKART" name="@BeforeMethod OpenWebSite" time="-1.664782132658E9">
    <skipped/>
  </testcase> <!-- @BeforeMethod OpenWebSite -->
  <testcase classname="TestNG.TestNG_FLIPKART" name="@AfterMethod e" time="-1.664782132669E9">
    <skipped/>
  </testcase> <!-- @AfterMethod e -->
  <testcase classname="TestNG.TestNG_FLIPKART" name="@AfterClass RemoveObject" time="-1.664782132672E9">
    <skipped/>
  </testcase> <!-- @AfterClass RemoveObject -->
  <testcase classname="TestNG.TestNG_TESTAUTOMATION" name="@BeforeClass CreatePOMObject" time="-1.664782132675E9">
    <skipped/>
  </testcase> <!-- @BeforeClass CreatePOMObject -->
  <testcase classname="TestNG.TestNG_TESTAUTOMATION" name="@BeforeMethod OpenWebSite" time="-1.664782132678E9">
    <skipped/>
  </testcase> <!-- @BeforeMethod OpenWebSite -->
  <testcase classname="TestNG.TestNG_TESTAUTOMATION" name="@AfterMethod e" time="-1.664782132711E9">
    <skipped/>
  </testcase> <!-- @AfterMethod e -->
  <testcase classname="TestNG.TestNG_TESTAUTOMATION" name="@AfterClass RemoveObject" time="-1.664782132714E9">
    <skipped/>
  </testcase> <!-- @AfterClass RemoveObject -->
  <testcase classname="TestNG.TestNG_IRCTC" name="@BeforeClass a" time="-1.664782132716E9">
    <skipped/>
  </testcase> <!-- @BeforeClass a -->
  <testcase classname="TestNG.TestNG_IRCTC" name="@BeforeMethod b" time="-1.664782132722E9">
    <skipped/>
  </testcase> <!-- @BeforeMethod b -->
  <testcase classname="TestNG.TestNG_IRCTC" name="@AfterMethod e" time="-1.664782132741E9">
    <skipped/>
  </testcase> <!-- @AfterMethod e -->
  <testcase classname="TestNG.TestNG_IRCTC" name="@BeforeMethod b" time="-1.664782132743E9">
    <skipped/>
  </testcase> <!-- @BeforeMethod b -->
  <testcase classname="TestNG.TestNG_IRCTC" name="@AfterMethod e" time="-1.66478213275E9">
    <skipped/>
  </testcase> <!-- @AfterMethod e -->
  <testcase classname="TestNG.TestNG_IRCTC" name="@AfterClass RemoveObject" time="-1.664782132752E9">
    <skipped/>
  </testcase> <!-- @AfterClass RemoveObject -->
  <testcase classname="TestNG.TestNG_FACEBOOK_OG_IN" name="@BeforeClass CreatePOMObject" time="-1.664782132753E9">
    <skipped/>
  </testcase> <!-- @BeforeClass CreatePOMObject -->
  <testcase classname="TestNG.TestNG_FACEBOOK_OG_IN" name="@BeforeMethod OpenWebSite" time="-1.664782132757E9">
    <skipped/>
  </testcase> <!-- @BeforeMethod OpenWebSite -->
  <testcase classname="TestNG.TestNG_FACEBOOK_OG_IN" name="@AfterMethod e" time="-1.664782132765E9">
    <skipped/>
  </testcase> <!-- @AfterMethod e -->
  <testcase classname="TestNG.TestNG_FACEBOOK_OG_IN" name="@BeforeMethod OpenWebSite" time="-1.664782132767E9">
    <skipped/>
  </testcase> <!-- @BeforeMethod OpenWebSite -->
  <testcase classname="TestNG.TestNG_FACEBOOK_OG_IN" name="@AfterMethod e" time="-1.664782132779E9">
    <skipped/>
  </testcase> <!-- @AfterMethod e -->
  <testcase classname="TestNG.TestNG_FACEBOOK_OG_IN" name="@BeforeMethod OpenWebSite" time="-1.664782132783E9">
    <skipped/>
  </testcase> <!-- @BeforeMethod OpenWebSite -->
  <testcase classname="TestNG.TestNG_FACEBOOK_OG_IN" name="@AfterMethod e" time="-1.664782132818E9">
    <skipped/>
  </testcase> <!-- @AfterMethod e -->
  <testcase classname="TestNG.TestNG_FACEBOOK_OG_IN" name="@BeforeMethod OpenWebSite" time="-1.664782132824E9">
    <skipped/>
  </testcase> <!-- @BeforeMethod OpenWebSite -->
  <testcase classname="TestNG.TestNG_FACEBOOK_OG_IN" name="@AfterMethod e" time="-1.664782132834E9">
    <skipped/>
  </testcase> <!-- @AfterMethod e -->
  <testcase classname="TestNG.TestNG_FACEBOOK_OG_IN" name="@BeforeMethod OpenWebSite" time="-1.664782132836E9">
    <skipped/>
  </testcase> <!-- @BeforeMethod OpenWebSite -->
  <testcase classname="TestNG.TestNG_FACEBOOK_OG_IN" name="@AfterMethod e" time="-1.664782132853E9">
    <skipped/>
  </testcase> <!-- @AfterMethod e -->
  <testcase classname="TestNG.TestNG_FACEBOOK_OG_IN" name="@BeforeMethod OpenWebSite" time="-1.664782132858E9">
    <skipped/>
  </testcase> <!-- @BeforeMethod OpenWebSite -->
  <testcase classname="TestNG.TestNG_FACEBOOK_OG_IN" name="@AfterMethod e" time="-1.664782132877E9">
    <skipped/>
  </testcase> <!-- @AfterMethod e -->
  <testcase classname="TestNG.TestNG_FACEBOOK_OG_IN" name="@BeforeMethod OpenWebSite" time="-1.66478213288E9">
    <skipped/>
  </testcase> <!-- @BeforeMethod OpenWebSite -->
  <testcase classname="TestNG.TestNG_FACEBOOK_OG_IN" name="@AfterMethod e" time="-1.664782132896E9">
    <skipped/>
  </testcase> <!-- @AfterMethod e -->
  <testcase classname="TestNG.TestNG_FACEBOOK_OG_IN" name="@BeforeMethod OpenWebSite" time="-1.664782132898E9">
    <skipped/>
  </testcase> <!-- @BeforeMethod OpenWebSite -->
  <testcase classname="TestNG.TestNG_FACEBOOK_OG_IN" name="@AfterMethod e" time="-1.664782132906E9">
    <skipped/>
  </testcase> <!-- @AfterMethod e -->
  <testcase classname="TestNG.TestNG_FACEBOOK_OG_IN" name="@BeforeMethod OpenWebSite" time="-1.664782132907E9">
    <skipped/>
  </testcase> <!-- @BeforeMethod OpenWebSite -->
  <testcase classname="TestNG.TestNG_FACEBOOK_OG_IN" name="@AfterMethod e" time="-1.664782132912E9">
    <skipped/>
  </testcase> <!-- @AfterMethod e -->
  <testcase classname="TestNG.TestNG_FACEBOOK_OG_IN" name="@BeforeMethod OpenWebSite" time="-1.664782132914E9">
    <skipped/>
  </testcase> <!-- @BeforeMethod OpenWebSite -->
  <testcase classname="TestNG.TestNG_FACEBOOK_OG_IN" name="@AfterMethod e" time="-1.664782132918E9">
    <skipped/>
  </testcase> <!-- @AfterMethod e -->
  <testcase classname="TestNG.TestNG_FACEBOOK_OG_IN" name="@BeforeMethod OpenWebSite" time="-1.66478213292E9">
    <skipped/>
  </testcase> <!-- @BeforeMethod OpenWebSite -->
  <testcase classname="TestNG.TestNG_FACEBOOK_OG_IN" name="@AfterMethod e" time="-1.664782132925E9">
    <skipped/>
  </testcase> <!-- @AfterMethod e -->
  <testcase classname="TestNG.TestNG_FACEBOOK_OG_IN" name="@BeforeMethod OpenWebSite" time="-1.664782132927E9">
    <skipped/>
  </testcase> <!-- @BeforeMethod OpenWebSite -->
  <testcase classname="TestNG.TestNG_FACEBOOK_OG_IN" name="@AfterMethod e" time="-1.664782132932E9">
    <skipped/>
  </testcase> <!-- @AfterMethod e -->
  <testcase classname="TestNG.TestNG_FACEBOOK_OG_IN" name="@BeforeMethod OpenWebSite" time="-1.664782132935E9">
    <skipped/>
  </testcase> <!-- @BeforeMethod OpenWebSite -->
  <testcase classname="TestNG.TestNG_FACEBOOK_OG_IN" name="@AfterMethod e" time="-1.664782132938E9">
    <skipped/>
  </testcase> <!-- @AfterMethod e -->
  <testcase classname="TestNG.TestNG_FACEBOOK_OG_IN" name="@BeforeMethod OpenWebSite" time="-1.664782132941E9">
    <skipped/>
  </testcase> <!-- @BeforeMethod OpenWebSite -->
  <testcase classname="TestNG.TestNG_FACEBOOK_OG_IN" name="@AfterMethod e" time="-1.664782132945E9">
    <skipped/>
  </testcase> <!-- @AfterMethod e -->
  <testcase classname="TestNG.TestNG_FACEBOOK_OG_IN" name="@BeforeMethod OpenWebSite" time="-1.664782132947E9">
    <skipped/>
  </testcase> <!-- @BeforeMethod OpenWebSite -->
  <testcase classname="TestNG.TestNG_FACEBOOK_OG_IN" name="@AfterMethod e" time="-1.664782132961E9">
    <skipped/>
  </testcase> <!-- @AfterMethod e -->
  <testcase classname="TestNG.TestNG_FACEBOOK_OG_IN" name="@BeforeMethod OpenWebSite" time="-1.664782132965E9">
    <skipped/>
  </testcase> <!-- @BeforeMethod OpenWebSite -->
  <testcase classname="TestNG.TestNG_FACEBOOK_OG_IN" name="@AfterMethod e" time="-1.664782132971E9">
    <skipped/>
  </testcase> <!-- @AfterMethod e -->
  <testcase classname="TestNG.TestNG_FACEBOOK_OG_IN" name="@BeforeMethod OpenWebSite" time="-1.664782132973E9">
    <skipped/>
  </testcase> <!-- @BeforeMethod OpenWebSite -->
  <testcase classname="TestNG.TestNG_FACEBOOK_OG_IN" name="@AfterMethod e" time="-1.664782132977E9">
    <skipped/>
  </testcase> <!-- @AfterMethod e -->
  <testcase classname="TestNG.TestNG_FACEBOOK_OG_IN" name="@BeforeMethod OpenWebSite" time="-1.664782132979E9">
    <skipped/>
  </testcase> <!-- @BeforeMethod OpenWebSite -->
  <testcase classname="TestNG.TestNG_FACEBOOK_OG_IN" name="@AfterMethod e" time="-1.664782132983E9">
    <skipped/>
  </testcase> <!-- @AfterMethod e -->
  <testcase classname="TestNG.TestNG_FACEBOOK_OG_IN" name="@BeforeMethod OpenWebSite" time="-1.664782132985E9">
    <skipped/>
  </testcase> <!-- @BeforeMethod OpenWebSite -->
  <testcase classname="TestNG.TestNG_FACEBOOK_OG_IN" name="@AfterMethod e" time="-1.664782133012E9">
    <skipped/>
  </testcase> <!-- @AfterMethod e -->
  <testcase classname="TestNG.TestNG_FACEBOOK_OG_IN" name="@BeforeMethod OpenWebSite" time="-1.664782133017E9">
    <skipped/>
  </testcase> <!-- @BeforeMethod OpenWebSite -->
  <testcase classname="TestNG.TestNG_FACEBOOK_OG_IN" name="@AfterMethod e" time="-1.664782133026E9">
    <skipped/>
  </testcase> <!-- @AfterMethod e -->
  <testcase classname="TestNG.TestNG_FACEBOOK_OG_IN" name="@AfterClass RemoveObject" time="-1.664782133033E9">
    <skipped/>
  </testcase> <!-- @AfterClass RemoveObject -->
  <testcase classname="TestNG.TestNG_AMAZON" name="@BeforeClass CreatePOMObject" time="-1.664782133038E9">
    <skipped/>
  </testcase> <!-- @BeforeClass CreatePOMObject -->
  <testcase classname="TestNG.TestNG_AMAZON" name="@BeforeMethod OpenWebSite" time="-1.664782133048E9">
    <skipped/>
  </testcase> <!-- @BeforeMethod OpenWebSite -->
  <testcase classname="TestNG.TestNG_AMAZON" name="@AfterMethod e" time="-1.664782133079E9">
    <skipped/>
  </testcase> <!-- @AfterMethod e -->
  <testcase classname="TestNG.TestNG_AMAZON" name="@BeforeMethod OpenWebSite" time="-1.664782133081E9">
    <skipped/>
  </testcase> <!-- @BeforeMethod OpenWebSite -->
  <testcase classname="TestNG.TestNG_AMAZON" name="@AfterMethod e" time="-1.664782133092E9">
    <skipped/>
  </testcase> <!-- @AfterMethod e -->
  <testcase classname="TestNG.TestNG_AMAZON" name="@BeforeMethod OpenWebSite" time="-1.664782133094E9">
    <skipped/>
  </testcase> <!-- @BeforeMethod OpenWebSite -->
  <testcase classname="TestNG.TestNG_AMAZON" name="@AfterMethod e" time="-1.664782133099E9">
    <skipped/>
  </testcase> <!-- @AfterMethod e -->
  <testcase classname="TestNG.TestNG_AMAZON" name="@BeforeMethod OpenWebSite" time="-1.6647821331E9">
    <skipped/>
  </testcase> <!-- @BeforeMethod OpenWebSite -->
  <testcase classname="TestNG.TestNG_AMAZON" name="@AfterMethod e" time="-1.664782133127E9">
    <skipped/>
  </testcase> <!-- @AfterMethod e -->
  <testcase classname="TestNG.TestNG_AMAZON" name="@BeforeMethod OpenWebSite" time="-1.664782133134E9">
    <skipped/>
  </testcase> <!-- @BeforeMethod OpenWebSite -->
  <testcase classname="TestNG.TestNG_AMAZON" name="@AfterMethod e" time="-1.664782133138E9">
    <skipped/>
  </testcase> <!-- @AfterMethod e -->
  <testcase classname="TestNG.TestNG_AMAZON" name="@AfterClass RemoveObject" time="-1.664782133139E9">
    <skipped/>
  </testcase> <!-- @AfterClass RemoveObject -->
  <testcase classname="TestNG.TestNG_YOUTUBE" name="@BeforeClass a" time="-1.664782133144E9">
    <skipped/>
  </testcase> <!-- @BeforeClass a -->
  <testcase classname="TestNG.TestNG_YOUTUBE" name="@BeforeMethod b" time="-1.664782133145E9">
    <skipped/>
  </testcase> <!-- @BeforeMethod b -->
  <testcase classname="TestNG.TestNG_YOUTUBE" name="@AfterMethod e" time="-1.664782133149E9">
    <skipped/>
  </testcase> <!-- @AfterMethod e -->
  <testcase classname="TestNG.TestNG_YOUTUBE" name="@BeforeMethod b" time="-1.664782133151E9">
    <skipped/>
  </testcase> <!-- @BeforeMethod b -->
  <testcase classname="TestNG.TestNG_YOUTUBE" name="@AfterMethod e" time="-1.664782133155E9">
    <skipped/>
  </testcase> <!-- @AfterMethod e -->
  <testcase classname="TestNG.TestNG_YOUTUBE" name="@AfterClass RemoveObject" time="-1.664782133156E9">
    <skipped/>
  </testcase> <!-- @AfterClass RemoveObject -->
  <testcase classname="TestNG.TestNG_AMAZON" name="@AfterTest CloseBrowser" time="-1.664782133159E9">
    <skipped/>
  </testcase> <!-- @AfterTest CloseBrowser -->
  <testcase classname="TestNG.TestNG_FACEBOOK_OG_IN" name="@AfterTest CloseBrowser" time="-1.66478213316E9">
    <skipped/>
  </testcase> <!-- @AfterTest CloseBrowser -->
  <testcase classname="TestNG.TestNG_FLIPKART" name="@AfterTest CloseBrowser" time="-1.664782133162E9">
    <skipped/>
  </testcase> <!-- @AfterTest CloseBrowser -->
  <testcase classname="TestNG.TestNG_IRCTC" name="@AfterTest CloseBrowser" time="-1.664782133165E9">
    <skipped/>
  </testcase> <!-- @AfterTest CloseBrowser -->
  <testcase classname="TestNG.TestNG_TESTAUTOMATION" name="@AfterTest CloseBrowser" time="-1.664782133166E9">
    <skipped/>
  </testcase> <!-- @AfterTest CloseBrowser -->
  <testcase classname="TestNG.TestNG_YOUTUBE" name="@AfterTest CloseBrowser" time="-1.664782133167E9">
    <skipped/>
  </testcase> <!-- @AfterTest CloseBrowser -->
  <testcase classname="TestNG.TestNG_FLIPKART" name="FlipkartGroceryPage" time="0.0">
    <skipped/>
  </testcase> <!-- FlipkartGroceryPage -->
  <testcase classname="TestNG.TestNG_FLIPKART" name="FlipkartKeyboardPage" time="0.0">
    <skipped/>
  </testcase> <!-- FlipkartKeyboardPage -->
  <testcase classname="TestNG.TestNG_FLIPKART" name="FlipkartLogingPage" time="0.0">
    <skipped/>
  </testcase> <!-- FlipkartLogingPage -->
  <testcase classname="TestNG.TestNG_TESTAUTOMATION" name="TestAutomationPage" time="0.0">
    <skipped/>
  </testcase> <!-- TestAutomationPage -->
  <testcase classname="TestNG.TestNG_IRCTC" name="c" time="0.0">
    <skipped/>
  </testcase> <!-- c -->
  <testcase classname="TestNG.TestNG_IRCTC" name="d" time="0.0">
    <skipped/>
  </testcase> <!-- d -->
  <testcase classname="TestNG.TestNG_FACEBOOK_OG_IN" name="c1" time="0.0">
    <skipped/>
  </testcase> <!-- c1 -->
  <testcase classname="TestNG.TestNG_FACEBOOK_OG_IN" name="c10" time="0.0">
    <skipped/>
  </testcase> <!-- c10 -->
  <testcase classname="TestNG.TestNG_FACEBOOK_OG_IN" name="c11" time="0.0">
    <skipped/>
  </testcase> <!-- c11 -->
  <testcase classname="TestNG.TestNG_FACEBOOK_OG_IN" name="c12" time="0.0">
    <skipped/>
  </testcase> <!-- c12 -->
  <testcase classname="TestNG.TestNG_FACEBOOK_OG_IN" name="c13" time="0.0">
    <skipped/>
  </testcase> <!-- c13 -->
  <testcase classname="TestNG.TestNG_FACEBOOK_OG_IN" name="c14" time="0.0">
    <skipped/>
  </testcase> <!-- c14 -->
  <testcase classname="TestNG.TestNG_FACEBOOK_OG_IN" name="c15" time="0.0">
    <skipped/>
  </testcase> <!-- c15 -->
  <testcase classname="TestNG.TestNG_FACEBOOK_OG_IN" name="c16" time="0.0">
    <skipped/>
  </testcase> <!-- c16 -->
  <testcase classname="TestNG.TestNG_FACEBOOK_OG_IN" name="c17" time="0.0">
    <skipped/>
  </testcase> <!-- c17 -->
  <testcase classname="TestNG.TestNG_FACEBOOK_OG_IN" name="c18" time="0.0">
    <skipped/>
  </testcase> <!-- c18 -->
  <testcase classname="TestNG.TestNG_FACEBOOK_OG_IN" name="c19" time="0.0">
    <skipped/>
  </testcase> <!-- c19 -->
  <testcase classname="TestNG.TestNG_FACEBOOK_OG_IN" name="c2" time="0.0">
    <skipped/>
  </testcase> <!-- c2 -->
  <testcase classname="TestNG.TestNG_FACEBOOK_OG_IN" name="c20" time="0.0">
    <skipped/>
  </testcase> <!-- c20 -->
  <testcase classname="TestNG.TestNG_FACEBOOK_OG_IN" name="c3" time="0.0">
    <skipped/>
  </testcase> <!-- c3 -->
  <testcase classname="TestNG.TestNG_FACEBOOK_OG_IN" name="c4" time="0.0">
    <skipped/>
  </testcase> <!-- c4 -->
  <testcase classname="TestNG.TestNG_FACEBOOK_OG_IN" name="c5" time="0.0">
    <skipped/>
  </testcase> <!-- c5 -->
  <testcase classname="TestNG.TestNG_FACEBOOK_OG_IN" name="c6" time="0.0">
    <skipped/>
  </testcase> <!-- c6 -->
  <testcase classname="TestNG.TestNG_FACEBOOK_OG_IN" name="c7" time="0.0">
    <skipped/>
  </testcase> <!-- c7 -->
  <testcase classname="TestNG.TestNG_FACEBOOK_OG_IN" name="c8" time="0.0">
    <skipped/>
  </testcase> <!-- c8 -->
  <testcase classname="TestNG.TestNG_FACEBOOK_OG_IN" name="c9" time="0.0">
    <skipped/>
  </testcase> <!-- c9 -->
  <testcase classname="TestNG.TestNG_AMAZON" name="c1" time="0.0">
    <skipped/>
  </testcase> <!-- c1 -->
  <testcase classname="TestNG.TestNG_AMAZON" name="c2" time="0.0">
    <skipped/>
  </testcase> <!-- c2 -->
  <testcase classname="TestNG.TestNG_AMAZON" name="c3" time="0.0">
    <skipped/>
  </testcase> <!-- c3 -->
  <testcase classname="TestNG.TestNG_AMAZON" name="c4" time="0.0">
    <skipped/>
  </testcase> <!-- c4 -->
  <testcase classname="TestNG.TestNG_AMAZON" name="c5" time="0.0">
    <skipped/>
  </testcase> <!-- c5 -->
  <testcase classname="TestNG.TestNG_YOUTUBE" name="Open_Radhe_Radhe" time="0.0">
    <skipped/>
  </testcase> <!-- Open_Radhe_Radhe -->
  <testcase classname="TestNG.TestNG_YOUTUBE" name="Open_Rashmika_TopTucker_Song" time="0.0">
    <skipped/>
  </testcase> <!-- Open_Rashmika_TopTucker_Song -->
</testsuite> <!-- Chrome -->
