<?xml version="1.0" encoding="UTF-8"?>
<!-- Generated by org.testng.reporters.JUnitXMLReporter -->
<testsuite ignored="0" hostname="DESKTOP-7JIC17V" failures="0" tests="33" name="classes" time="1.172" errors="0" timestamp="2022-10-03T12:38:10 IST">
  <testcase classname="TestNG.TestNG_AMAZON" name="@BeforeTest LaunchBrowser" time="-1.664780889461E9">
    <failure type="org.testng.TestNGException" message="
Parameter &amp;apos;BrowserName&amp;apos; is required by BeforeTest on method LaunchBrowser but has not been marked @Optional or defined
in C:\Users\Admin\eclipse-workspace\MAVEN-PROJECT\testng.xml">
      <![CDATA[org.testng.TestNGException: 
Parameter 'BrowserName' is required by BeforeTest on method LaunchBrowser but has not been marked @Optional or defined
in C:\Users\Admin\eclipse-workspace\MAVEN-PROJECT\testng.xml
at java.base/java.util.concurrent.FutureTask.run(FutureTask.java:264)
at java.base/java.util.concurrent.ThreadPoolExecutor.runWorker(ThreadPoolExecutor.java:1136)
at java.base/java.util.concurrent.ThreadPoolExecutor$Worker.run(ThreadPoolExecutor.java:635)
at java.base/java.lang.Thread.run(Thread.java:833)
... Removed 12 stack frames]]>
    </failure>
  </testcase> <!-- @BeforeTest LaunchBrowser -->
  <testcase classname="TestNG.TestNG_FACEBOOK_OG_IN" name="@BeforeTest LaunchBrowser" time="-1.664780889494E9">
    <skipped/>
  </testcase> <!-- @BeforeTest LaunchBrowser -->
  <testcase classname="TestNG.TestNG_FLIPKART" name="@BeforeTest LaunchBrowser" time="-1.6647808895E9">
    <skipped/>
  </testcase> <!-- @BeforeTest LaunchBrowser -->
  <testcase classname="TestNG.TestNG_IRCTC" name="@BeforeTest LaunchBrowser" time="-1.664780889505E9">
    <skipped/>
  </testcase> <!-- @BeforeTest LaunchBrowser -->
  <testcase classname="TestNG.TestNG_TESTAUTOMATION" name="@BeforeTest LaunchBrowser" time="-1.664780889508E9">
    <skipped/>
  </testcase> <!-- @BeforeTest LaunchBrowser -->
  <testcase classname="TestNG.TestNG_YOUTUBE" name="@BeforeTest LaunchBrowser" time="-1.664780889527E9">
    <skipped/>
  </testcase> <!-- @BeforeTest LaunchBrowser -->
  <testcase classname="TestNG.TestNG_FLIPKART" name="@BeforeClass CreatePOMObject" time="-1.664780889597E9">
    <skipped/>
  </testcase> <!-- @BeforeClass CreatePOMObject -->
  <testcase classname="TestNG.TestNG_FLIPKART" name="@BeforeMethod OpenWebSite" time="-1.664780889622E9">
    <skipped/>
  </testcase> <!-- @BeforeMethod OpenWebSite -->
  <testcase classname="TestNG.TestNG_FLIPKART" name="@AfterMethod e" time="-1.664780889636E9">
    <skipped/>
  </testcase> <!-- @AfterMethod e -->
  <testcase classname="TestNG.TestNG_FLIPKART" name="@BeforeMethod OpenWebSite" time="-1.664780889645E9">
    <skipped/>
  </testcase> <!-- @BeforeMethod OpenWebSite -->
  <testcase classname="TestNG.TestNG_FLIPKART" name="@AfterMethod e" time="-1.664780889704E9">
    <skipped/>
  </testcase> <!-- @AfterMethod e -->
  <testcase classname="TestNG.TestNG_FLIPKART" name="@BeforeMethod OpenWebSite" time="-1.664780889714E9">
    <skipped/>
  </testcase> <!-- @BeforeMethod OpenWebSite -->
  <testcase classname="TestNG.TestNG_FLIPKART" name="@AfterMethod e" time="-1.664780889726E9">
    <skipped/>
  </testcase> <!-- @AfterMethod e -->
  <testcase classname="TestNG.TestNG_FLIPKART" name="@AfterClass RemoveObject" time="-1.664780889731E9">
    <skipped/>
  </testcase> <!-- @AfterClass RemoveObject -->
  <testcase classname="TestNG.TestNG_TESTAUTOMATION" name="@BeforeClass CreatePOMObject" time="-1.664780889736E9">
    <skipped/>
  </testcase> <!-- @BeforeClass CreatePOMObject -->
  <testcase classname="TestNG.TestNG_TESTAUTOMATION" name="@BeforeMethod OpenWebSite" time="-1.664780889741E9">
    <skipped/>
  </testcase> <!-- @BeforeMethod OpenWebSite -->
  <testcase classname="TestNG.TestNG_TESTAUTOMATION" name="@AfterMethod e" time="-1.66478088977E9">
    <skipped/>
  </testcase> <!-- @AfterMethod e -->
  <testcase classname="TestNG.TestNG_TESTAUTOMATION" name="@AfterClass RemoveObject" time="-1.664780889781E9">
    <skipped/>
  </testcase> <!-- @AfterClass RemoveObject -->
  <testcase classname="TestNG.TestNG_IRCTC" name="@BeforeClass a" time="-1.664780889785E9">
    <skipped/>
  </testcase> <!-- @BeforeClass a -->
  <testcase classname="TestNG.TestNG_IRCTC" name="@BeforeMethod b" time="-1.664780889789E9">
    <skipped/>
  </testcase> <!-- @BeforeMethod b -->
  <testcase classname="TestNG.TestNG_IRCTC" name="@AfterMethod e" time="-1.664780889802E9">
    <skipped/>
  </testcase> <!-- @AfterMethod e -->
  <testcase classname="TestNG.TestNG_AMAZON" name="@BeforeClass CreatePOMObject" time="-1.664780889805E9">
    <skipped/>
  </testcase> <!-- @BeforeClass CreatePOMObject -->
  <testcase classname="TestNG.TestNG_AMAZON" name="@BeforeMethod OpenWebSite" time="-1.66478088981E9">
    <skipped/>
  </testcase> <!-- @BeforeMethod OpenWebSite -->
  <testcase classname="TestNG.TestNG_AMAZON" name="@AfterMethod e" time="-1.664780889821E9">
    <skipped/>
  </testcase> <!-- @AfterMethod e -->
  <testcase classname="TestNG.TestNG_FACEBOOK_OG_IN" name="@BeforeClass CreatePOMObject" time="-1.664780889825E9">
    <skipped/>
  </testcase> <!-- @BeforeClass CreatePOMObject -->
  <testcase classname="TestNG.TestNG_FACEBOOK_OG_IN" name="@BeforeMethod OpenWebSite" time="-1.664780889868E9">
    <skipped/>
  </testcase> <!-- @BeforeMethod OpenWebSite -->
  <testcase classname="TestNG.TestNG_FACEBOOK_OG_IN" name="@AfterMethod e" time="-1.664780889893E9">
    <skipped/>
  </testcase> <!-- @AfterMethod e -->
  <testcase classname="TestNG.TestNG_FACEBOOK_OG_IN" name="@BeforeMethod OpenWebSite" time="-1.664780889897E9">
    <skipped/>
  </testcase> <!-- @BeforeMethod OpenWebSite -->
  <testcase classname="TestNG.TestNG_FACEBOOK_OG_IN" name="@AfterMethod e" time="-1.664780889924E9">
    <skipped/>
  </testcase> <!-- @AfterMethod e -->
  <testcase classname="TestNG.TestNG_FACEBOOK_OG_IN" name="@BeforeMethod OpenWebSite" time="-1.664780889931E9">
    <skipped/>
  </testcase> <!-- @BeforeMethod OpenWebSite -->
  <testcase classname="TestNG.TestNG_FACEBOOK_OG_IN" name="@AfterMethod e" time="-1.664780889952E9">
    <skipped/>
  </testcase> <!-- @AfterMethod e -->
  <testcase classname="TestNG.TestNG_FACEBOOK_OG_IN" name="@BeforeMethod OpenWebSite" time="-1.664780889959E9">
    <skipped/>
  </testcase> <!-- @BeforeMethod OpenWebSite -->
  <testcase classname="TestNG.TestNG_FACEBOOK_OG_IN" name="@AfterMethod e" time="-1.664780889974E9">
    <skipped/>
  </testcase> <!-- @AfterMethod e -->
  <testcase classname="TestNG.TestNG_FACEBOOK_OG_IN" name="@BeforeMethod OpenWebSite" time="-1.664780889981E9">
    <skipped/>
  </testcase> <!-- @BeforeMethod OpenWebSite -->
  <testcase classname="TestNG.TestNG_FACEBOOK_OG_IN" name="@AfterMethod e" time="-1.66478088999E9">
    <skipped/>
  </testcase> <!-- @AfterMethod e -->
  <testcase classname="TestNG.TestNG_FACEBOOK_OG_IN" name="@BeforeMethod OpenWebSite" time="-1.664780889994E9">
    <skipped/>
  </testcase> <!-- @BeforeMethod OpenWebSite -->
  <testcase classname="TestNG.TestNG_FACEBOOK_OG_IN" name="@AfterMethod e" time="-1.664780890004E9">
    <skipped/>
  </testcase> <!-- @AfterMethod e -->
  <testcase classname="TestNG.TestNG_FACEBOOK_OG_IN" name="@BeforeMethod OpenWebSite" time="-1.66478089001E9">
    <skipped/>
  </testcase> <!-- @BeforeMethod OpenWebSite -->
  <testcase classname="TestNG.TestNG_FACEBOOK_OG_IN" name="@AfterMethod e" time="-1.664780890025E9">
    <skipped/>
  </testcase> <!-- @AfterMethod e -->
  <testcase classname="TestNG.TestNG_FACEBOOK_OG_IN" name="@BeforeMethod OpenWebSite" time="-1.664780890033E9">
    <skipped/>
  </testcase> <!-- @BeforeMethod OpenWebSite -->
  <testcase classname="TestNG.TestNG_FACEBOOK_OG_IN" name="@AfterMethod e" time="-1.664780890062E9">
    <skipped/>
  </testcase> <!-- @AfterMethod e -->
  <testcase classname="TestNG.TestNG_FACEBOOK_OG_IN" name="@BeforeMethod OpenWebSite" time="-1.664780890065E9">
    <skipped/>
  </testcase> <!-- @BeforeMethod OpenWebSite -->
  <testcase classname="TestNG.TestNG_FACEBOOK_OG_IN" name="@AfterMethod e" time="-1.664780890076E9">
    <skipped/>
  </testcase> <!-- @AfterMethod e -->
  <testcase classname="TestNG.TestNG_FACEBOOK_OG_IN" name="@BeforeMethod OpenWebSite" time="-1.664780890078E9">
    <skipped/>
  </testcase> <!-- @BeforeMethod OpenWebSite -->
  <testcase classname="TestNG.TestNG_FACEBOOK_OG_IN" name="@AfterMethod e" time="-1.664780890098E9">
    <skipped/>
  </testcase> <!-- @AfterMethod e -->
  <testcase classname="TestNG.TestNG_FACEBOOK_OG_IN" name="@BeforeMethod OpenWebSite" time="-1.664780890118E9">
    <skipped/>
  </testcase> <!-- @BeforeMethod OpenWebSite -->
  <testcase classname="TestNG.TestNG_FACEBOOK_OG_IN" name="@AfterMethod e" time="-1.664780890127E9">
    <skipped/>
  </testcase> <!-- @AfterMethod e -->
  <testcase classname="TestNG.TestNG_AMAZON" name="@BeforeMethod OpenWebSite" time="-1.664780890132E9">
    <skipped/>
  </testcase> <!-- @BeforeMethod OpenWebSite -->
  <testcase classname="TestNG.TestNG_AMAZON" name="@AfterMethod e" time="-1.664780890143E9">
    <skipped/>
  </testcase> <!-- @AfterMethod e -->
  <testcase classname="TestNG.TestNG_FACEBOOK_OG_IN" name="@BeforeMethod OpenWebSite" time="-1.664780890169E9">
    <skipped/>
  </testcase> <!-- @BeforeMethod OpenWebSite -->
  <testcase classname="TestNG.TestNG_FACEBOOK_OG_IN" name="@AfterMethod e" time="-1.66478089019E9">
    <skipped/>
  </testcase> <!-- @AfterMethod e -->
  <testcase classname="TestNG.TestNG_FACEBOOK_OG_IN" name="@BeforeMethod OpenWebSite" time="-1.664780890192E9">
    <skipped/>
  </testcase> <!-- @BeforeMethod OpenWebSite -->
  <testcase classname="TestNG.TestNG_FACEBOOK_OG_IN" name="@AfterMethod e" time="-1.664780890205E9">
    <skipped/>
  </testcase> <!-- @AfterMethod e -->
  <testcase classname="TestNG.TestNG_AMAZON" name="@BeforeMethod OpenWebSite" time="-1.664780890209E9">
    <skipped/>
  </testcase> <!-- @BeforeMethod OpenWebSite -->
  <testcase classname="TestNG.TestNG_AMAZON" name="@AfterMethod e" time="-1.664780890217E9">
    <skipped/>
  </testcase> <!-- @AfterMethod e -->
  <testcase classname="TestNG.TestNG_FACEBOOK_OG_IN" name="@BeforeMethod OpenWebSite" time="-1.664780890225E9">
    <skipped/>
  </testcase> <!-- @BeforeMethod OpenWebSite -->
  <testcase classname="TestNG.TestNG_FACEBOOK_OG_IN" name="@AfterMethod e" time="-1.664780890288E9">
    <skipped/>
  </testcase> <!-- @AfterMethod e -->
  <testcase classname="TestNG.TestNG_AMAZON" name="@BeforeMethod OpenWebSite" time="-1.664780890324E9">
    <skipped/>
  </testcase> <!-- @BeforeMethod OpenWebSite -->
  <testcase classname="TestNG.TestNG_AMAZON" name="@AfterMethod e" time="-1.664780890358E9">
    <skipped/>
  </testcase> <!-- @AfterMethod e -->
  <testcase classname="TestNG.TestNG_FACEBOOK_OG_IN" name="@BeforeMethod OpenWebSite" time="-1.664780890363E9">
    <skipped/>
  </testcase> <!-- @BeforeMethod OpenWebSite -->
  <testcase classname="TestNG.TestNG_FACEBOOK_OG_IN" name="@AfterMethod e" time="-1.664780890386E9">
    <skipped/>
  </testcase> <!-- @AfterMethod e -->
  <testcase classname="TestNG.TestNG_AMAZON" name="@BeforeMethod OpenWebSite" time="-1.664780890389E9">
    <skipped/>
  </testcase> <!-- @BeforeMethod OpenWebSite -->
  <testcase classname="TestNG.TestNG_AMAZON" name="@AfterMethod e" time="-1.664780890396E9">
    <skipped/>
  </testcase> <!-- @AfterMethod e -->
  <testcase classname="TestNG.TestNG_AMAZON" name="@AfterClass RemoveObject" time="-1.6647808904E9">
    <skipped/>
  </testcase> <!-- @AfterClass RemoveObject -->
  <testcase classname="TestNG.TestNG_FACEBOOK_OG_IN" name="@BeforeMethod OpenWebSite" time="-1.664780890402E9">
    <skipped/>
  </testcase> <!-- @BeforeMethod OpenWebSite -->
  <testcase classname="TestNG.TestNG_FACEBOOK_OG_IN" name="@AfterMethod e" time="-1.664780890408E9">
    <skipped/>
  </testcase> <!-- @AfterMethod e -->
  <testcase classname="TestNG.TestNG_FACEBOOK_OG_IN" name="@BeforeMethod OpenWebSite" time="-1.664780890416E9">
    <skipped/>
  </testcase> <!-- @BeforeMethod OpenWebSite -->
  <testcase classname="TestNG.TestNG_FACEBOOK_OG_IN" name="@AfterMethod e" time="-1.664780890434E9">
    <skipped/>
  </testcase> <!-- @AfterMethod e -->
  <testcase classname="TestNG.TestNG_FACEBOOK_OG_IN" name="@BeforeMethod OpenWebSite" time="-1.664780890447E9">
    <skipped/>
  </testcase> <!-- @BeforeMethod OpenWebSite -->
  <testcase classname="TestNG.TestNG_FACEBOOK_OG_IN" name="@AfterMethod e" time="-1.664780890499E9">
    <skipped/>
  </testcase> <!-- @AfterMethod e -->
  <testcase classname="TestNG.TestNG_FACEBOOK_OG_IN" name="@BeforeMethod OpenWebSite" time="-1.664780890504E9">
    <skipped/>
  </testcase> <!-- @BeforeMethod OpenWebSite -->
  <testcase classname="TestNG.TestNG_FACEBOOK_OG_IN" name="@AfterMethod e" time="-1.664780890515E9">
    <skipped/>
  </testcase> <!-- @AfterMethod e -->
  <testcase classname="TestNG.TestNG_FACEBOOK_OG_IN" name="@BeforeMethod OpenWebSite" time="-1.664780890516E9">
    <skipped/>
  </testcase> <!-- @BeforeMethod OpenWebSite -->
  <testcase classname="TestNG.TestNG_FACEBOOK_OG_IN" name="@AfterMethod e" time="-1.664780890521E9">
    <skipped/>
  </testcase> <!-- @AfterMethod e -->
  <testcase classname="TestNG.TestNG_FACEBOOK_OG_IN" name="@AfterClass RemoveObject" time="-1.664780890523E9">
    <skipped/>
  </testcase> <!-- @AfterClass RemoveObject -->
  <testcase classname="TestNG.TestNG_IRCTC" name="@BeforeMethod b" time="-1.664780890525E9">
    <skipped/>
  </testcase> <!-- @BeforeMethod b -->
  <testcase classname="TestNG.TestNG_IRCTC" name="@AfterMethod e" time="-1.664780890531E9">
    <skipped/>
  </testcase> <!-- @AfterMethod e -->
  <testcase classname="TestNG.TestNG_IRCTC" name="@AfterClass RemoveObject" time="-1.664780890533E9">
    <skipped/>
  </testcase> <!-- @AfterClass RemoveObject -->
  <testcase classname="TestNG.TestNG_YOUTUBE" name="@BeforeClass a" time="-1.664780890536E9">
    <skipped/>
  </testcase> <!-- @BeforeClass a -->
  <testcase classname="TestNG.TestNG_YOUTUBE" name="@BeforeMethod b" time="-1.664780890538E9">
    <skipped/>
  </testcase> <!-- @BeforeMethod b -->
  <testcase classname="TestNG.TestNG_YOUTUBE" name="@AfterMethod e" time="-1.664780890588E9">
    <skipped/>
  </testcase> <!-- @AfterMethod e -->
  <testcase classname="TestNG.TestNG_YOUTUBE" name="@BeforeMethod b" time="-1.664780890595E9">
    <skipped/>
  </testcase> <!-- @BeforeMethod b -->
  <testcase classname="TestNG.TestNG_YOUTUBE" name="@AfterMethod e" time="-1.664780890603E9">
    <skipped/>
  </testcase> <!-- @AfterMethod e -->
  <testcase classname="TestNG.TestNG_YOUTUBE" name="@AfterClass RemoveObject" time="-1.664780890606E9">
    <skipped/>
  </testcase> <!-- @AfterClass RemoveObject -->
  <testcase classname="TestNG.TestNG_AMAZON" name="@AfterTest CloseBrowser" time="-1.664780890607E9">
    <skipped/>
  </testcase> <!-- @AfterTest CloseBrowser -->
  <testcase classname="TestNG.TestNG_FACEBOOK_OG_IN" name="@AfterTest CloseBrowser" time="-1.664780890609E9">
    <skipped/>
  </testcase> <!-- @AfterTest CloseBrowser -->
  <testcase classname="TestNG.TestNG_FLIPKART" name="@AfterTest CloseBrowser" time="-1.664780890611E9">
    <skipped/>
  </testcase> <!-- @AfterTest CloseBrowser -->
  <testcase classname="TestNG.TestNG_IRCTC" name="@AfterTest CloseBrowser" time="-1.664780890614E9">
    <skipped/>
  </testcase> <!-- @AfterTest CloseBrowser -->
  <testcase classname="TestNG.TestNG_TESTAUTOMATION" name="@AfterTest CloseBrowser" time="-1.664780890615E9">
    <skipped/>
  </testcase> <!-- @AfterTest CloseBrowser -->
  <testcase classname="TestNG.TestNG_YOUTUBE" name="@AfterTest CloseBrowser" time="-1.664780890616E9">
    <skipped/>
  </testcase> <!-- @AfterTest CloseBrowser -->
  <testcase classname="TestNG.TestNG_FLIPKART" name="FlipkartGroceryPage" time="0.0">
    <skipped/>
  </testcase> <!-- FlipkartGroceryPage -->
  <testcase classname="TestNG.TestNG_FLIPKART" name="FlipkartKeyboardPage" time="0.0">
    <skipped/>
  </testcase> <!-- FlipkartKeyboardPage -->
  <testcase classname="TestNG.TestNG_FLIPKART" name="FlipkartLogingPage" time="0.0">
    <skipped/>
  </testcase> <!-- FlipkartLogingPage -->
  <testcase classname="TestNG.TestNG_TESTAUTOMATION" name="TestAutomationPage" time="0.0">
    <skipped/>
  </testcase> <!-- TestAutomationPage -->
  <testcase classname="TestNG.TestNG_IRCTC" name="c" time="0.0">
    <skipped/>
  </testcase> <!-- c -->
  <testcase classname="TestNG.TestNG_AMAZON" name="c1" time="0.0">
    <skipped/>
  </testcase> <!-- c1 -->
  <testcase classname="TestNG.TestNG_FACEBOOK_OG_IN" name="c1" time="0.0">
    <skipped/>
  </testcase> <!-- c1 -->
  <testcase classname="TestNG.TestNG_FACEBOOK_OG_IN" name="c10" time="0.0">
    <skipped/>
  </testcase> <!-- c10 -->
  <testcase classname="TestNG.TestNG_FACEBOOK_OG_IN" name="c11" time="0.0">
    <skipped/>
  </testcase> <!-- c11 -->
  <testcase classname="TestNG.TestNG_FACEBOOK_OG_IN" name="c12" time="0.0">
    <skipped/>
  </testcase> <!-- c12 -->
  <testcase classname="TestNG.TestNG_FACEBOOK_OG_IN" name="c13" time="0.0">
    <skipped/>
  </testcase> <!-- c13 -->
  <testcase classname="TestNG.TestNG_FACEBOOK_OG_IN" name="c14" time="0.0">
    <skipped/>
  </testcase> <!-- c14 -->
  <testcase classname="TestNG.TestNG_FACEBOOK_OG_IN" name="c15" time="0.0">
    <skipped/>
  </testcase> <!-- c15 -->
  <testcase classname="TestNG.TestNG_FACEBOOK_OG_IN" name="c16" time="0.0">
    <skipped/>
  </testcase> <!-- c16 -->
  <testcase classname="TestNG.TestNG_FACEBOOK_OG_IN" name="c17" time="0.001">
    <skipped/>
  </testcase> <!-- c17 -->
  <testcase classname="TestNG.TestNG_FACEBOOK_OG_IN" name="c18" time="0.0">
    <skipped/>
  </testcase> <!-- c18 -->
  <testcase classname="TestNG.TestNG_FACEBOOK_OG_IN" name="c19" time="0.0">
    <skipped/>
  </testcase> <!-- c19 -->
  <testcase classname="TestNG.TestNG_AMAZON" name="c2" time="0.0">
    <skipped/>
  </testcase> <!-- c2 -->
  <testcase classname="TestNG.TestNG_FACEBOOK_OG_IN" name="c2" time="0.0">
    <skipped/>
  </testcase> <!-- c2 -->
  <testcase classname="TestNG.TestNG_FACEBOOK_OG_IN" name="c20" time="0.0">
    <skipped/>
  </testcase> <!-- c20 -->
  <testcase classname="TestNG.TestNG_AMAZON" name="c3" time="0.0">
    <skipped/>
  </testcase> <!-- c3 -->
  <testcase classname="TestNG.TestNG_FACEBOOK_OG_IN" name="c3" time="0.0">
    <skipped/>
  </testcase> <!-- c3 -->
  <testcase classname="TestNG.TestNG_AMAZON" name="c4" time="0.0">
    <skipped/>
  </testcase> <!-- c4 -->
  <testcase classname="TestNG.TestNG_FACEBOOK_OG_IN" name="c4" time="0.0">
    <skipped/>
  </testcase> <!-- c4 -->
  <testcase classname="TestNG.TestNG_AMAZON" name="c5" time="0.0">
    <skipped/>
  </testcase> <!-- c5 -->
  <testcase classname="TestNG.TestNG_FACEBOOK_OG_IN" name="c5" time="0.0">
    <skipped/>
  </testcase> <!-- c5 -->
  <testcase classname="TestNG.TestNG_FACEBOOK_OG_IN" name="c6" time="0.0">
    <skipped/>
  </testcase> <!-- c6 -->
  <testcase classname="TestNG.TestNG_FACEBOOK_OG_IN" name="c7" time="0.0">
    <skipped/>
  </testcase> <!-- c7 -->
  <testcase classname="TestNG.TestNG_FACEBOOK_OG_IN" name="c8" time="0.0">
    <skipped/>
  </testcase> <!-- c8 -->
  <testcase classname="TestNG.TestNG_FACEBOOK_OG_IN" name="c9" time="0.0">
    <skipped/>
  </testcase> <!-- c9 -->
  <testcase classname="TestNG.TestNG_IRCTC" name="d" time="0.0">
    <skipped/>
  </testcase> <!-- d -->
  <testcase classname="TestNG.TestNG_YOUTUBE" name="Open_Radhe_Radhe" time="0.0">
    <skipped/>
  </testcase> <!-- Open_Radhe_Radhe -->
  <testcase classname="TestNG.TestNG_YOUTUBE" name="Open_Rashmika_TopTucker_Song" time="0.0">
    <skipped/>
  </testcase> <!-- Open_Rashmika_TopTucker_Song -->
</testsuite> <!-- classes -->
