<?xml version="1.0" encoding="UTF-8"?>
<!-- Generated by org.testng.reporters.JUnitXMLReporter -->
<testsuite ignored="0" hostname="DESKTOP-7JIC17V" failures="0" tests="3" name="Default test" time="0.153" errors="0" timestamp="2022-10-03T11:29:46 IST">
  <testcase classname="TestNG.TestNG_FLIPKART" name="@BeforeTest LaunchBrowser" time="-1.664776785855E9">
    <failure type="org.testng.TestNGException" message="
Parameter &amp;apos;BrowserName&amp;apos; is required by BeforeTest on method LaunchBrowser but has not been marked @Optional or defined
in C:\Users\Admin\AppData\Local\Temp\testng-eclipse-798157540\testng-customsuite.xml">
      <![CDATA[org.testng.TestNGException: 
Parameter 'BrowserName' is required by BeforeTest on method LaunchBrowser but has not been marked @Optional or defined
in C:\Users\Admin\AppData\Local\Temp\testng-eclipse-798157540\testng-customsuite.xml
at org.testng.internal.Parameters.createParams(Parameters.java:270)
at org.testng.internal.Parameters.createParametersForMethod(Parameters.java:358)
at org.testng.internal.Parameters.createParameters(Parameters.java:700)
at org.testng.internal.Parameters.createConfigurationParameters(Parameters.java:168)
at org.testng.internal.ConfigInvoker.invokeConfigurations(ConfigInvoker.java:302)
at org.testng.TestRunner.invokeTestConfigurations(TestRunner.java:637)
at org.testng.TestRunner.beforeRun(TestRunner.java:627)
at org.testng.TestRunner.run(TestRunner.java:589)
at org.testng.SuiteRunner.runTest(SuiteRunner.java:377)
at org.testng.SuiteRunner.runSequentially(SuiteRunner.java:371)
at org.testng.SuiteRunner.privateRun(SuiteRunner.java:332)
at org.testng.SuiteRunner.run(SuiteRunner.java:276)
at org.testng.SuiteRunnerWorker.runSuite(SuiteRunnerWorker.java:53)
at org.testng.SuiteRunnerWorker.run(SuiteRunnerWorker.java:96)
at org.testng.TestNG.runSuitesSequentially(TestNG.java:1212)
at org.testng.TestNG.runSuitesLocally(TestNG.java:1134)
at org.testng.TestNG.runSuites(TestNG.java:1063)
at org.testng.TestNG.run(TestNG.java:1031)
at org.testng.remote.AbstractRemoteTestNG.run(AbstractRemoteTestNG.java:115)
at org.testng.remote.RemoteTestNG.initAndRun(RemoteTestNG.java:251)
at org.testng.remote.RemoteTestNG.main(RemoteTestNG.java:77)
]]>
    </failure>
  </testcase> <!-- @BeforeTest LaunchBrowser -->
  <testcase classname="TestNG.TestNG_FLIPKART" name="@BeforeClass CreatePOMObject" time="-1.66477678592E9">
    <skipped/>
  </testcase> <!-- @BeforeClass CreatePOMObject -->
  <testcase classname="TestNG.TestNG_FLIPKART" name="@BeforeMethod OpenWebSite" time="-1.664776785951E9">
    <skipped/>
  </testcase> <!-- @BeforeMethod OpenWebSite -->
  <testcase classname="TestNG.TestNG_FLIPKART" name="@AfterMethod e" time="-1.664776785963E9">
    <skipped/>
  </testcase> <!-- @AfterMethod e -->
  <testcase classname="TestNG.TestNG_FLIPKART" name="@BeforeMethod OpenWebSite" time="-1.664776785967E9">
    <skipped/>
  </testcase> <!-- @BeforeMethod OpenWebSite -->
  <testcase classname="TestNG.TestNG_FLIPKART" name="@AfterMethod e" time="-1.664776785974E9">
    <skipped/>
  </testcase> <!-- @AfterMethod e -->
  <testcase classname="TestNG.TestNG_FLIPKART" name="@BeforeMethod OpenWebSite" time="-1.664776785977E9">
    <skipped/>
  </testcase> <!-- @BeforeMethod OpenWebSite -->
  <testcase classname="TestNG.TestNG_FLIPKART" name="@AfterMethod e" time="-1.664776785986E9">
    <skipped/>
  </testcase> <!-- @AfterMethod e -->
  <testcase classname="TestNG.TestNG_FLIPKART" name="@AfterClass RemoveObject" time="-1.66477678599E9">
    <skipped/>
  </testcase> <!-- @AfterClass RemoveObject -->
  <testcase classname="TestNG.TestNG_FLIPKART" name="@AfterTest CloseBrowser" time="-1.664776785996E9">
    <skipped/>
  </testcase> <!-- @AfterTest CloseBrowser -->
  <testcase classname="TestNG.TestNG_FLIPKART" name="FlipkartGroceryPage" time="0.0">
    <skipped/>
  </testcase> <!-- FlipkartGroceryPage -->
  <testcase classname="TestNG.TestNG_FLIPKART" name="FlipkartKeyboardPage" time="0.0">
    <skipped/>
  </testcase> <!-- FlipkartKeyboardPage -->
  <testcase classname="TestNG.TestNG_FLIPKART" name="FlipkartLogingPage" time="0.0">
    <skipped/>
  </testcase> <!-- FlipkartLogingPage -->
</testsuite> <!-- Default test -->
